<?xml version="1.0" encoding="UTF-8"?>
<testng-results ignored="0" total="2" passed="2" failed="0" skipped="0">
  <reporter-output>
  </reporter-output>
  <suite started-at="2024-10-17T20:50:12 IST" name="Suite" finished-at="2024-10-17T20:50:39 IST" duration-ms="26309">
    <groups>
    </groups>
    <test started-at="2024-10-17T20:50:12 IST" name="Google Search Tests" finished-at="2024-10-17T20:50:39 IST" duration-ms="26309">
      <class name="org.harender.tests.GoogleSearchTest">
        <test-method is-config="true" signature="setUp()[pri:0, instance:org.harender.tests.GoogleSearchTest@f78a47e]" started-at="2024-10-17T20:50:12 IST" name="setUp" finished-at="2024-10-17T20:50:17 IST" duration-ms="4272" status="PASS">
          <reporter-output>
          </reporter-output>
        </test-method> <!-- setUp -->
        <test-method signature="testGoogleSearch()[pri:0, instance:org.harender.tests.GoogleSearchTest@f78a47e]" started-at="2024-10-17T20:50:17 IST" name="testGoogleSearch" finished-at="2024-10-17T20:50:27 IST" duration-ms="10413" status="PASS">
          <reporter-output>
          </reporter-output>
        </test-method> <!-- testGoogleSearch -->
        <test-method signature="testGoogleSearch1()[pri:0, instance:org.harender.tests.GoogleSearchTest@f78a47e]" started-at="2024-10-17T20:50:27 IST" name="testGoogleSearch1" finished-at="2024-10-17T20:50:38 IST" duration-ms="10946" status="PASS">
          <reporter-output>
          </reporter-output>
        </test-method> <!-- testGoogleSearch1 -->
        <test-method is-config="true" signature="tearDown()[pri:0, instance:org.harender.tests.GoogleSearchTest@f78a47e]" started-at="2024-10-17T20:50:38 IST" name="tearDown" finished-at="2024-10-17T20:50:39 IST" duration-ms="633" status="PASS">
          <reporter-output>
          </reporter-output>
        </test-method> <!-- tearDown -->
      </class> <!-- org.harender.tests.GoogleSearchTest -->
    </test> <!-- Google Search Tests -->
  </suite> <!-- Suite -->
</testng-results>
